<?xml version="1.0" encoding="UTF-8"?>
<!-- Generated by org.testng.reporters.JUnitReportReporter -->
<testsuite hostname="DESKTOP-D23LR3J" failures="0" tests="10" name="com.qa.HIS.BrowserCompatibility_HIS.PatientAdmissionTest" time="398.958" errors="1" timestamp="2023-05-31T16:59:20 IST" skipped="0">
  <testcase classname="com.qa.HIS.BrowserCompatibility_HIS.PatientAdmissionTest" name="doLoginTest" time="0.707"/>
  <system-out/>
  <testcase classname="com.qa.HIS.BrowserCompatibility_HIS.PatientAdmissionTest" name="doNavigateToSelectHospitalLocationTest" time="1.006"/>
  <system-out/>
  <testcase classname="com.qa.HIS.BrowserCompatibility_HIS.PatientAdmissionTest" name="doNavigateToHISHomeTest" time="11.955"/>
  <system-out/>
  <testcase classname="com.qa.HIS.BrowserCompatibility_HIS.PatientAdmissionTest" name="doNavigateToPatientAdmissionTest" time="1.466"/>
  <system-out/>
  <testcase classname="com.qa.HIS.BrowserCompatibility_HIS.PatientAdmissionTest" name="Registration_Patient_Admission_TC_1" time="100.425"/>
  <system-out/>
  <testcase classname="com.qa.HIS.BrowserCompatibility_HIS.PatientAdmissionTest" name="Registration_Patient_Admission_TC_2" time="62.918"/>
  <system-out/>
  <testcase classname="com.qa.HIS.BrowserCompatibility_HIS.PatientAdmissionTest" name="Registration_Patient_Admission_TC_3" time="138.166">
    <error message="Unable to establish websocket connection to http://127.0.0.1:54393/devtools/browser/ecfea019-204b-41a2-a06d-c6ec842d3379
Build info: version: &#039;4.1.1&#039;, revision: &#039;e8fcc2cecf&#039;
System info: host: &#039;DESKTOP-D23LR3J&#039;, ip: &#039;192.168.0.24&#039;, os.name: &#039;Windows 10&#039;, os.arch: &#039;amd64&#039;, os.version: &#039;10.0&#039;, java.version: &#039;16.0.2&#039;
Driver info: driver.version: RemoteWebDriver" type="org.openqa.selenium.remote.http.ConnectionFailedException">
      <![CDATA[org.openqa.selenium.remote.http.ConnectionFailedException: Unable to establish websocket connection to http://127.0.0.1:54393/devtools/browser/ecfea019-204b-41a2-a06d-c6ec842d3379
Build info: version: '4.1.1', revision: 'e8fcc2cecf'
System info: host: 'DESKTOP-D23LR3J', ip: '192.168.0.24', os.name: 'Windows 10', os.arch: 'amd64', os.version: '10.0', java.version: '16.0.2'
Driver info: driver.version: RemoteWebDriver
at org.openqa.selenium.remote.http.netty.NettyWebSocket.<init>(NettyWebSocket.java:104)
at org.openqa.selenium.remote.http.netty.NettyWebSocket.lambda$create$3(NettyWebSocket.java:137)
at org.openqa.selenium.remote.http.netty.NettyClient.openSocket(NettyClient.java:118)
at org.openqa.selenium.devtools.Connection.<init>(Connection.java:77)
at org.openqa.selenium.firefox.FirefoxDriver.maybeGetDevTools(FirefoxDriver.java:359)
at org.openqa.selenium.remote.RemoteWebDriver.close(RemoteWebDriver.java:425)
at com.qa.HIS.BrowserCompatibility_HIS.PatientAdmissionTest.Registration_Patient_Admission_TC_3(PatientAdmissionTest.java:145)
at java.base/jdk.internal.reflect.NativeMethodAccessorImpl.invoke0(Native Method)
at java.base/jdk.internal.reflect.NativeMethodAccessorImpl.invoke(NativeMethodAccessorImpl.java:78)
at java.base/jdk.internal.reflect.DelegatingMethodAccessorImpl.invoke(DelegatingMethodAccessorImpl.java:43)
at java.base/java.lang.reflect.Method.invoke(Method.java:567)
at org.testng.internal.MethodInvocationHelper.invokeMethod(MethodInvocationHelper.java:133)
at org.testng.internal.TestInvoker.invokeMethod(TestInvoker.java:598)
at org.testng.internal.TestInvoker.invokeTestMethod(TestInvoker.java:173)
at org.testng.internal.MethodRunner.runInSequence(MethodRunner.java:46)
at org.testng.internal.TestInvoker$MethodInvocationAgent.invoke(TestInvoker.java:824)
at org.testng.internal.TestInvoker.invokeTestMethods(TestInvoker.java:146)
at org.testng.internal.TestMethodWorker.invokeTestMethods(TestMethodWorker.java:146)
at org.testng.internal.TestMethodWorker.run(TestMethodWorker.java:128)
at java.base/java.util.ArrayList.forEach(ArrayList.java:1511)
at org.testng.TestRunner.privateRun(TestRunner.java:794)
at org.testng.TestRunner.run(TestRunner.java:596)
at org.testng.SuiteRunner.runTest(SuiteRunner.java:377)
at org.testng.SuiteRunner.runSequentially(SuiteRunner.java:371)
at org.testng.SuiteRunner.privateRun(SuiteRunner.java:332)
at org.testng.SuiteRunner.run(SuiteRunner.java:276)
at org.testng.SuiteRunnerWorker.runSuite(SuiteRunnerWorker.java:53)
at org.testng.SuiteRunnerWorker.run(SuiteRunnerWorker.java:96)
at org.testng.TestNG.runSuitesSequentially(TestNG.java:1212)
at org.testng.TestNG.runSuitesLocally(TestNG.java:1134)
at org.testng.TestNG.runSuites(TestNG.java:1063)
at org.testng.TestNG.run(TestNG.java:1031)
at org.testng.remote.AbstractRemoteTestNG.run(AbstractRemoteTestNG.java:115)
at org.testng.remote.RemoteTestNG.initAndRun(RemoteTestNG.java:251)
at org.testng.remote.RemoteTestNG.main(RemoteTestNG.java:77)
]]>
    </error>
  </testcase> <!-- Registration_Patient_Admission_TC_3 -->
  <system-out/>
  <testcase classname="com.qa.HIS.BrowserCompatibility_HIS.PatientAdmissionTest" name="Registration_Patient_Admission_TC_5" time="36.587"/>
  <system-out/>
  <testcase classname="com.qa.HIS.BrowserCompatibility_HIS.PatientAdmissionTest" name="Registration_Patient_Admission_TC_9" time="39.189"/>
  <system-out/>
  <testcase classname="com.qa.HIS.BrowserCompatibility_HIS.PatientAdmissionTest" name="Registration_Patient_Admission_TC_6" time="6.539"/>
  <system-out/>
</testsuite> <!-- com.qa.HIS.BrowserCompatibility_HIS.PatientAdmissionTest -->
