<?xml version="1.0" encoding="UTF-8"?>
<!-- Generated by org.testng.reporters.JUnitReportReporter -->
<testsuite hostname="DESKTOP-1CKSJPB" failures="0" tests="13" name="com.qa.HIS.BrowserCompatibility_HIS.OPDFlowTest" time="23.509" errors="1" timestamp="2024-02-28T18:00:28 IST" skipped="12">
  <testcase classname="com.qa.HIS.BrowserCompatibility_HIS.OPDFlowTest" name="setup" time="23.508">
    <error message="Reached error page: about:neterror?e=netTimeout&amp;u=http%3A//10.30.16.120%3A6002/hospital/login.aspx&amp;c=UTF-8&amp;d=The%20server%20at%2010.30.16.120%20is%20taking%20too%20long%20to%20respond.
Build info: version: &#039;4.1.1&#039;, revision: &#039;e8fcc2cecf&#039;
System info: host: &#039;DESKTOP-1CKSJPB&#039;, ip: &#039;10.30.10.80&#039;, os.name: &#039;Windows 11&#039;, os.arch: &#039;amd64&#039;, os.version: &#039;10.0&#039;, java.version: &#039;17.0.9&#039;
Driver info: org.openqa.selenium.firefox.FirefoxDriver
Command: [d4a2bb2f-51fa-46c2-b7d8-18eddbe6c9f5, get {url=http://10.30.16.120:6002/hospital/login.aspx}]
Capabilities {acceptInsecureCerts: true, browserName: firefox, browserVersion: 122.0.1, javascriptEnabled: true, moz:accessibilityChecks: false, moz:buildID: 20240205133611, moz:debuggerAddress: 127.0.0.1:65006, moz:geckodriverVersion: 0.30.0, moz:headless: false, moz:platformVersion: 10.0, moz:processID: 9872, moz:profile: C:\Users\presto\AppData\Loc..., moz:shutdownTimeout: 60000, moz:webdriverClick: true, moz:windowless: false, pageLoadStrategy: normal, platform: WINDOWS, platformName: WINDOWS, proxy: Proxy(), se:cdp: ws://127.0.0.1:65006/devtoo..., se:cdpVersion: 85, setWindowRect: true, strictFileInteractability: false, timeouts: {implicit: 0, pageLoad: 300000, script: 30000}, unhandledPromptBehavior: dismiss and notify}
Session ID: d4a2bb2f-51fa-46c2-b7d8-18eddbe6c9f5" type="org.openqa.selenium.WebDriverException">
      <![CDATA[org.openqa.selenium.WebDriverException: Reached error page: about:neterror?e=netTimeout&u=http%3A//10.30.16.120%3A6002/hospital/login.aspx&c=UTF-8&d=The%20server%20at%2010.30.16.120%20is%20taking%20too%20long%20to%20respond.
Build info: version: '4.1.1', revision: 'e8fcc2cecf'
System info: host: 'DESKTOP-1CKSJPB', ip: '10.30.10.80', os.name: 'Windows 11', os.arch: 'amd64', os.version: '10.0', java.version: '17.0.9'
Driver info: org.openqa.selenium.firefox.FirefoxDriver
Command: [d4a2bb2f-51fa-46c2-b7d8-18eddbe6c9f5, get {url=http://10.30.16.120:6002/hospital/login.aspx}]
Capabilities {acceptInsecureCerts: true, browserName: firefox, browserVersion: 122.0.1, javascriptEnabled: true, moz:accessibilityChecks: false, moz:buildID: 20240205133611, moz:debuggerAddress: 127.0.0.1:65006, moz:geckodriverVersion: 0.30.0, moz:headless: false, moz:platformVersion: 10.0, moz:processID: 9872, moz:profile: C:\Users\presto\AppData\Loc..., moz:shutdownTimeout: 60000, moz:webdriverClick: true, moz:windowless: false, pageLoadStrategy: normal, platform: WINDOWS, platformName: WINDOWS, proxy: Proxy(), se:cdp: ws://127.0.0.1:65006/devtoo..., se:cdpVersion: 85, setWindowRect: true, strictFileInteractability: false, timeouts: {implicit: 0, pageLoad: 300000, script: 30000}, unhandledPromptBehavior: dismiss and notify}
Session ID: d4a2bb2f-51fa-46c2-b7d8-18eddbe6c9f5
at java.base/jdk.internal.reflect.NativeConstructorAccessorImpl.newInstance0(Native Method)
at java.base/jdk.internal.reflect.NativeConstructorAccessorImpl.newInstance(NativeConstructorAccessorImpl.java:77)
at java.base/jdk.internal.reflect.DelegatingConstructorAccessorImpl.newInstance(DelegatingConstructorAccessorImpl.java:45)
at java.base/java.lang.reflect.Constructor.newInstanceWithCaller(Constructor.java:499)
at java.base/java.lang.reflect.Constructor.newInstance(Constructor.java:480)
at org.openqa.selenium.remote.codec.w3c.W3CHttpResponseCodec.createException(W3CHttpResponseCodec.java:200)
at org.openqa.selenium.remote.codec.w3c.W3CHttpResponseCodec.decode(W3CHttpResponseCodec.java:133)
at org.openqa.selenium.remote.codec.w3c.W3CHttpResponseCodec.decode(W3CHttpResponseCodec.java:53)
at org.openqa.selenium.remote.HttpCommandExecutor.execute(HttpCommandExecutor.java:184)
at org.openqa.selenium.remote.service.DriverCommandExecutor.invokeExecute(DriverCommandExecutor.java:167)
at org.openqa.selenium.remote.service.DriverCommandExecutor.execute(DriverCommandExecutor.java:142)
at org.openqa.selenium.remote.RemoteWebDriver.execute(RemoteWebDriver.java:543)
at org.openqa.selenium.remote.RemoteWebDriver.get(RemoteWebDriver.java:312)
at com.qa.HIS.BrowserCompatibility_HIS.CrossBrowser.setup(CrossBrowser.java:122)
at java.base/jdk.internal.reflect.NativeMethodAccessorImpl.invoke0(Native Method)
at java.base/jdk.internal.reflect.NativeMethodAccessorImpl.invoke(NativeMethodAccessorImpl.java:77)
at java.base/jdk.internal.reflect.DelegatingMethodAccessorImpl.invoke(DelegatingMethodAccessorImpl.java:43)
at java.base/java.lang.reflect.Method.invoke(Method.java:568)
at org.testng.internal.MethodInvocationHelper.invokeMethod(MethodInvocationHelper.java:133)
at org.testng.internal.MethodInvocationHelper.invokeMethodConsideringTimeout(MethodInvocationHelper.java:62)
at org.testng.internal.ConfigInvoker.invokeConfigurationMethod(ConfigInvoker.java:385)
at org.testng.internal.ConfigInvoker.invokeConfigurations(ConfigInvoker.java:321)
at org.testng.internal.TestMethodWorker.invokeBeforeClassMethods(TestMethodWorker.java:176)
at org.testng.internal.TestMethodWorker.run(TestMethodWorker.java:122)
at java.base/java.util.ArrayList.forEach(ArrayList.java:1511)
at org.testng.TestRunner.privateRun(TestRunner.java:794)
at org.testng.TestRunner.run(TestRunner.java:596)
at org.testng.SuiteRunner.runTest(SuiteRunner.java:377)
at org.testng.SuiteRunner.runSequentially(SuiteRunner.java:371)
at org.testng.SuiteRunner.privateRun(SuiteRunner.java:332)
at org.testng.SuiteRunner.run(SuiteRunner.java:276)
at org.testng.SuiteRunnerWorker.runSuite(SuiteRunnerWorker.java:53)
at org.testng.SuiteRunnerWorker.run(SuiteRunnerWorker.java:96)
at org.testng.TestNG.runSuitesSequentially(TestNG.java:1212)
at org.testng.TestNG.runSuitesLocally(TestNG.java:1134)
at org.testng.TestNG.runSuites(TestNG.java:1063)
at org.testng.TestNG.run(TestNG.java:1031)
at org.testng.remote.AbstractRemoteTestNG.run(AbstractRemoteTestNG.java:115)
at org.testng.remote.RemoteTestNG.initAndRun(RemoteTestNG.java:251)
at org.testng.remote.RemoteTestNG.main(RemoteTestNG.java:77)
]]>
    </error>
  </testcase> <!-- setup -->
  <system-out/>
  <testcase classname="com.qa.HIS.BrowserCompatibility_HIS.OPDFlowTest" name="doLoginTest" time="0.000">
    <skipped/>
  </testcase> <!-- doLoginTest -->
  <system-out/>
  <testcase classname="com.qa.HIS.BrowserCompatibility_HIS.OPDFlowTest" name="doNavigateToSelectHospitalLocationTest" time="0.000">
    <skipped/>
  </testcase> <!-- doNavigateToSelectHospitalLocationTest -->
  <system-out/>
  <testcase classname="com.qa.HIS.BrowserCompatibility_HIS.OPDFlowTest" name="doNavigateToHISHomeTest" time="0.000">
    <skipped/>
  </testcase> <!-- doNavigateToHISHomeTest -->
  <system-out/>
  <testcase classname="com.qa.HIS.BrowserCompatibility_HIS.OPDFlowTest" name="doNavigateToPatientCheckinLinkTest" time="0.000">
    <skipped/>
  </testcase> <!-- doNavigateToPatientCheckinLinkTest -->
  <system-out/>
  <testcase classname="com.qa.HIS.BrowserCompatibility_HIS.OPDFlowTest" name="doCreateCheckInPageTest" time="0.000">
    <skipped/>
  </testcase> <!-- doCreateCheckInPageTest -->
  <system-out/>
  <testcase classname="com.qa.HIS.BrowserCompatibility_HIS.OPDFlowTest" name="dodoctorworklist" time="0.000">
    <skipped/>
  </testcase> <!-- dodoctorworklist -->
  <system-out/>
  <testcase classname="com.qa.HIS.BrowserCompatibility_HIS.OPDFlowTest" name="doNavigateToHISHomeTestforfacilityStore" time="0.000">
    <skipped/>
  </testcase> <!-- doNavigateToHISHomeTestforfacilityStore -->
  <system-out/>
  <testcase classname="com.qa.HIS.BrowserCompatibility_HIS.OPDFlowTest" name="dofacilityStore" time="0.001">
    <skipped/>
  </testcase> <!-- dofacilityStore -->
  <system-out/>
  <testcase classname="com.qa.HIS.BrowserCompatibility_HIS.OPDFlowTest" name="doNavigateToHISHomeTestforLaboratoryworklist" time="0.000">
    <skipped/>
  </testcase> <!-- doNavigateToHISHomeTestforLaboratoryworklist -->
  <system-out/>
  <testcase classname="com.qa.HIS.BrowserCompatibility_HIS.OPDFlowTest" name="testcaseforLaboratoryworkListOPD" time="0.000">
    <skipped/>
  </testcase> <!-- testcaseforLaboratoryworkListOPD -->
  <system-out/>
  <testcase classname="com.qa.HIS.BrowserCompatibility_HIS.OPDFlowTest" name="doNavigateToHISHomeTestforImagingServices" time="0.000">
    <skipped/>
  </testcase> <!-- doNavigateToHISHomeTestforImagingServices -->
  <system-out/>
  <testcase classname="com.qa.HIS.BrowserCompatibility_HIS.OPDFlowTest" name="doImagingServices" time="0.000">
    <skipped/>
  </testcase> <!-- doImagingServices -->
  <system-out/>
</testsuite> <!-- com.qa.HIS.BrowserCompatibility_HIS.OPDFlowTest -->
