<?xml version="1.0" encoding="UTF-8"?>
<!-- Generated by org.testng.reporters.JUnitReportReporter -->
<testsuite hostname="DESKTOP-D23LR3J" failures="0" tests="9" name="com.qa.HIS.BrowserCompatibility_HIS.Check_In_Admission_of_Reffered_PatientsTest" time="128.386" errors="1" timestamp="2023-05-31T16:21:07 IST" skipped="0">
  <testcase classname="com.qa.HIS.BrowserCompatibility_HIS.Check_In_Admission_of_Reffered_PatientsTest" name="doLoginTest" time="3.392"/>
  <system-out/>
  <testcase classname="com.qa.HIS.BrowserCompatibility_HIS.Check_In_Admission_of_Reffered_PatientsTest" name="doNavigateToSelectHospitalLocationTest" time="0.003"/>
  <system-out/>
  <testcase classname="com.qa.HIS.BrowserCompatibility_HIS.Check_In_Admission_of_Reffered_PatientsTest" name="doNavigateToHISHomeTest" time="12.822"/>
  <system-out/>
  <testcase classname="com.qa.HIS.BrowserCompatibility_HIS.Check_In_Admission_of_Reffered_PatientsTest" name="doNavigateToCheck_In_Admission_of_Reffered_PatientsLink" time="1.452"/>
  <system-out/>
  <testcase classname="com.qa.HIS.BrowserCompatibility_HIS.Check_In_Admission_of_Reffered_PatientsTest" name="Registration_Check_in_Admission_to_Referred_Patients_TC_1" time="37.371"/>
  <system-out/>
  <testcase classname="com.qa.HIS.BrowserCompatibility_HIS.Check_In_Admission_of_Reffered_PatientsTest" name="Registration_Check_in_Admission_to_Referred_Patients_TC_2" time="17.300"/>
  <system-out/>
  <testcase classname="com.qa.HIS.BrowserCompatibility_HIS.Check_In_Admission_of_Reffered_PatientsTest" name="Registration_Check_in_Admission_to_Referred_Patients_TC_3" time="16.711">
    <error message="Element &lt;a id=&quot;ctl00_cphpage_gdvSearchResult_ctl02_lnkAdmit&quot; href=&quot;javascript:__doPostBack(&#039;ctl00$cphpage$gdvSearchResult$ctl02$lnkAdmit&#039;,&#039;&#039;)&quot;&gt; could not be scrolled into view
Build info: version: &#039;4.1.1&#039;, revision: &#039;e8fcc2cecf&#039;
System info: host: &#039;DESKTOP-D23LR3J&#039;, ip: &#039;192.168.0.24&#039;, os.name: &#039;Windows 10&#039;, os.arch: &#039;amd64&#039;, os.version: &#039;10.0&#039;, java.version: &#039;16.0.2&#039;
Driver info: org.openqa.selenium.firefox.FirefoxDriver
Command: [7640ae89-b431-4659-a1ab-149fd5a0d75b, clickElement {id=269ddb55-c388-4141-b3e3-31c9864f8d33}]
Capabilities {acceptInsecureCerts: true, browserName: firefox, browserVersion: 113.0.2, javascriptEnabled: true, moz:accessibilityChecks: false, moz:buildID: 20230522134052, moz:debuggerAddress: 127.0.0.1:55158, moz:geckodriverVersion: 0.30.0, moz:headless: false, moz:platformVersion: 10.0, moz:processID: 14944, moz:profile: C:\Users\KULVIR~1\AppData\L..., moz:shutdownTimeout: 60000, moz:useNonSpecCompliantPointerOrigin: false, moz:webdriverClick: true, moz:windowless: false, pageLoadStrategy: normal, platform: WINDOWS, platformName: WINDOWS, proxy: Proxy(), se:cdp: ws://127.0.0.1:55158/devtoo..., se:cdpVersion: 85, setWindowRect: true, strictFileInteractability: false, timeouts: {implicit: 0, pageLoad: 300000, script: 30000}, unhandledPromptBehavior: dismiss and notify}
Element: [[FirefoxDriver: firefox on WINDOWS (7640ae89-b431-4659-a1ab-149fd5a0d75b)] -&gt; id: ctl00_cphpage_gdvSearchResult_ctl02_lnkAdmit]
Session ID: 7640ae89-b431-4659-a1ab-149fd5a0d75b" type="org.openqa.selenium.ElementNotInteractableException">
      <![CDATA[org.openqa.selenium.ElementNotInteractableException: Element <a id="ctl00_cphpage_gdvSearchResult_ctl02_lnkAdmit" href="javascript:__doPostBack('ctl00$cphpage$gdvSearchResult$ctl02$lnkAdmit','')"> could not be scrolled into view
Build info: version: '4.1.1', revision: 'e8fcc2cecf'
System info: host: 'DESKTOP-D23LR3J', ip: '192.168.0.24', os.name: 'Windows 10', os.arch: 'amd64', os.version: '10.0', java.version: '16.0.2'
Driver info: org.openqa.selenium.firefox.FirefoxDriver
Command: [7640ae89-b431-4659-a1ab-149fd5a0d75b, clickElement {id=269ddb55-c388-4141-b3e3-31c9864f8d33}]
Capabilities {acceptInsecureCerts: true, browserName: firefox, browserVersion: 113.0.2, javascriptEnabled: true, moz:accessibilityChecks: false, moz:buildID: 20230522134052, moz:debuggerAddress: 127.0.0.1:55158, moz:geckodriverVersion: 0.30.0, moz:headless: false, moz:platformVersion: 10.0, moz:processID: 14944, moz:profile: C:\Users\KULVIR~1\AppData\L..., moz:shutdownTimeout: 60000, moz:useNonSpecCompliantPointerOrigin: false, moz:webdriverClick: true, moz:windowless: false, pageLoadStrategy: normal, platform: WINDOWS, platformName: WINDOWS, proxy: Proxy(), se:cdp: ws://127.0.0.1:55158/devtoo..., se:cdpVersion: 85, setWindowRect: true, strictFileInteractability: false, timeouts: {implicit: 0, pageLoad: 300000, script: 30000}, unhandledPromptBehavior: dismiss and notify}
Element: [[FirefoxDriver: firefox on WINDOWS (7640ae89-b431-4659-a1ab-149fd5a0d75b)] -> id: ctl00_cphpage_gdvSearchResult_ctl02_lnkAdmit]
Session ID: 7640ae89-b431-4659-a1ab-149fd5a0d75b
at java.base/jdk.internal.reflect.NativeConstructorAccessorImpl.newInstance0(Native Method)
at java.base/jdk.internal.reflect.NativeConstructorAccessorImpl.newInstance(NativeConstructorAccessorImpl.java:78)
at java.base/jdk.internal.reflect.DelegatingConstructorAccessorImpl.newInstance(DelegatingConstructorAccessorImpl.java:45)
at java.base/java.lang.reflect.Constructor.newInstanceWithCaller(Constructor.java:499)
at java.base/java.lang.reflect.Constructor.newInstance(Constructor.java:480)
at org.openqa.selenium.remote.codec.w3c.W3CHttpResponseCodec.createException(W3CHttpResponseCodec.java:200)
at org.openqa.selenium.remote.codec.w3c.W3CHttpResponseCodec.decode(W3CHttpResponseCodec.java:133)
at org.openqa.selenium.remote.codec.w3c.W3CHttpResponseCodec.decode(W3CHttpResponseCodec.java:53)
at org.openqa.selenium.remote.HttpCommandExecutor.execute(HttpCommandExecutor.java:184)
at org.openqa.selenium.remote.service.DriverCommandExecutor.invokeExecute(DriverCommandExecutor.java:167)
at org.openqa.selenium.remote.service.DriverCommandExecutor.execute(DriverCommandExecutor.java:142)
at org.openqa.selenium.remote.RemoteWebDriver.execute(RemoteWebDriver.java:543)
at org.openqa.selenium.remote.RemoteWebElement.execute(RemoteWebElement.java:251)
at org.openqa.selenium.remote.RemoteWebElement.click(RemoteWebElement.java:77)
at com.qa.HIS.BrowserCompatibility_HIS.Check_In_Admission_of_Reffered_PatientsTest.Registration_Check_in_Admission_to_Referred_Patients_TC_3(Check_In_Admission_of_Reffered_PatientsTest.java:112)
at java.base/jdk.internal.reflect.NativeMethodAccessorImpl.invoke0(Native Method)
at java.base/jdk.internal.reflect.NativeMethodAccessorImpl.invoke(NativeMethodAccessorImpl.java:78)
at java.base/jdk.internal.reflect.DelegatingMethodAccessorImpl.invoke(DelegatingMethodAccessorImpl.java:43)
at java.base/java.lang.reflect.Method.invoke(Method.java:567)
at org.testng.internal.MethodInvocationHelper.invokeMethod(MethodInvocationHelper.java:133)
at org.testng.internal.TestInvoker.invokeMethod(TestInvoker.java:598)
at org.testng.internal.TestInvoker.invokeTestMethod(TestInvoker.java:173)
at org.testng.internal.MethodRunner.runInSequence(MethodRunner.java:46)
at org.testng.internal.TestInvoker$MethodInvocationAgent.invoke(TestInvoker.java:824)
at org.testng.internal.TestInvoker.invokeTestMethods(TestInvoker.java:146)
at org.testng.internal.TestMethodWorker.invokeTestMethods(TestMethodWorker.java:146)
at org.testng.internal.TestMethodWorker.run(TestMethodWorker.java:128)
at java.base/java.util.ArrayList.forEach(ArrayList.java:1511)
at org.testng.TestRunner.privateRun(TestRunner.java:794)
at org.testng.TestRunner.run(TestRunner.java:596)
at org.testng.SuiteRunner.runTest(SuiteRunner.java:377)
at org.testng.SuiteRunner.runSequentially(SuiteRunner.java:371)
at org.testng.SuiteRunner.privateRun(SuiteRunner.java:332)
at org.testng.SuiteRunner.run(SuiteRunner.java:276)
at org.testng.SuiteRunnerWorker.runSuite(SuiteRunnerWorker.java:53)
at org.testng.SuiteRunnerWorker.run(SuiteRunnerWorker.java:96)
at org.testng.TestNG.runSuitesSequentially(TestNG.java:1212)
at org.testng.TestNG.runSuitesLocally(TestNG.java:1134)
at org.testng.TestNG.runSuites(TestNG.java:1063)
at org.testng.TestNG.run(TestNG.java:1031)
at org.testng.remote.AbstractRemoteTestNG.run(AbstractRemoteTestNG.java:115)
at org.testng.remote.RemoteTestNG.initAndRun(RemoteTestNG.java:251)
at org.testng.remote.RemoteTestNG.main(RemoteTestNG.java:77)
]]>
    </error>
  </testcase> <!-- Registration_Check_in_Admission_to_Referred_Patients_TC_3 -->
  <system-out/>
  <testcase classname="com.qa.HIS.BrowserCompatibility_HIS.Check_In_Admission_of_Reffered_PatientsTest" name="Registration_Check_in_Admission_to_Referred_Patients_TC_5" time="29.546"/>
  <system-out/>
  <testcase classname="com.qa.HIS.BrowserCompatibility_HIS.Check_In_Admission_of_Reffered_PatientsTest" name="Registration_Check_in_Admission_to_Referred_Patients_TC_6" time="9.789"/>
  <system-out/>
</testsuite> <!-- com.qa.HIS.BrowserCompatibility_HIS.Check_In_Admission_of_Reffered_PatientsTest -->
