<?xml version="1.0" encoding="UTF-8"?>
<!-- Generated by org.testng.reporters.JUnitReportReporter -->
<testsuite hostname="DESKTOP-D23LR3J" failures="0" tests="13" name="com.qa.HIS.BrowserCompatibility_HIS.C13622_MISC_Change_In_HIS_Test" time="270.549" errors="1" timestamp="2023-06-05T14:23:50 IST" skipped="0">
  <testcase classname="com.qa.HIS.BrowserCompatibility_HIS.C13622_MISC_Change_In_HIS_Test" name="doLoginTest" time="0.900"/>
  <system-out/>
  <testcase classname="com.qa.HIS.BrowserCompatibility_HIS.C13622_MISC_Change_In_HIS_Test" name="doNavigateToSelectHospitalLocationTest" time="0.003"/>
  <system-out/>
  <testcase classname="com.qa.HIS.BrowserCompatibility_HIS.C13622_MISC_Change_In_HIS_Test" name="doNavigateToHISHomeTest" time="11.907"/>
  <system-out/>
  <testcase classname="com.qa.HIS.BrowserCompatibility_HIS.C13622_MISC_Change_In_HIS_Test" name="Do_navigatetoUHID_Screen" time="2.263"/>
  <system-out/>
  <testcase classname="com.qa.HIS.BrowserCompatibility_HIS.C13622_MISC_Change_In_HIS_Test" name="Do_testForFatchingDetailForIPSelf" time="30.840"/>
  <system-out/>
  <testcase classname="com.qa.HIS.BrowserCompatibility_HIS.C13622_MISC_Change_In_HIS_Test" name="Do_NavigateToPatientCheck_in" time="1.192"/>
  <system-out/>
  <testcase classname="com.qa.HIS.BrowserCompatibility_HIS.C13622_MISC_Change_In_HIS_Test" name="Do_testFatchingdetailforIPSelf" time="13.553"/>
  <system-out/>
  <testcase classname="com.qa.HIS.BrowserCompatibility_HIS.C13622_MISC_Change_In_HIS_Test" name="Do_testCreateCheckInforPharmacyIssue" time="23.402"/>
  <system-out/>
  <testcase classname="com.qa.HIS.BrowserCompatibility_HIS.C13622_MISC_Change_In_HIS_Test" name="dodoctorworklist" time="54.987"/>
  <system-out/>
  <testcase classname="com.qa.HIS.BrowserCompatibility_HIS.C13622_MISC_Change_In_HIS_Test" name="Do_Test_for_ChaangeLocationForStoreServices" time="30.680"/>
  <system-out/>
  <testcase classname="com.qa.HIS.BrowserCompatibility_HIS.C13622_MISC_Change_In_HIS_Test" name="Do_Test_for_pharmacyIssue" time="27.950"/>
  <system-out/>
  <testcase classname="com.qa.HIS.BrowserCompatibility_HIS.C13622_MISC_Change_In_HIS_Test" name="Do_Test_for_ChangeLocation" time="24.696"/>
  <system-out/>
  <testcase classname="com.qa.HIS.BrowserCompatibility_HIS.C13622_MISC_Change_In_HIS_Test" name="Do_test_for_Last10Prescription" time="48.176">
    <error message="Cannot invoke &quot;org.openqa.selenium.WebElement.click()&quot; because the return value of &quot;com.qa.pages.C13622_MISC_Change_In_HIS_Page.getpopupok()&quot; is null" type="java.lang.NullPointerException">
      <![CDATA[java.lang.NullPointerException: Cannot invoke "org.openqa.selenium.WebElement.click()" because the return value of "com.qa.pages.C13622_MISC_Change_In_HIS_Page.getpopupok()" is null
at com.qa.HIS.BrowserCompatibility_HIS.C13622_MISC_Change_In_HIS_Test.Do_test_for_Last10Prescription(C13622_MISC_Change_In_HIS_Test.java:544)
at java.base/jdk.internal.reflect.NativeMethodAccessorImpl.invoke0(Native Method)
at java.base/jdk.internal.reflect.NativeMethodAccessorImpl.invoke(NativeMethodAccessorImpl.java:78)
at java.base/jdk.internal.reflect.DelegatingMethodAccessorImpl.invoke(DelegatingMethodAccessorImpl.java:43)
at java.base/java.lang.reflect.Method.invoke(Method.java:567)
at org.testng.internal.MethodInvocationHelper.invokeMethod(MethodInvocationHelper.java:133)
at org.testng.internal.TestInvoker.invokeMethod(TestInvoker.java:598)
at org.testng.internal.TestInvoker.invokeTestMethod(TestInvoker.java:173)
at org.testng.internal.MethodRunner.runInSequence(MethodRunner.java:46)
at org.testng.internal.TestInvoker$MethodInvocationAgent.invoke(TestInvoker.java:824)
at org.testng.internal.TestInvoker.invokeTestMethods(TestInvoker.java:146)
at org.testng.internal.TestMethodWorker.invokeTestMethods(TestMethodWorker.java:146)
at org.testng.internal.TestMethodWorker.run(TestMethodWorker.java:128)
at java.base/java.util.ArrayList.forEach(ArrayList.java:1511)
at org.testng.TestRunner.privateRun(TestRunner.java:794)
at org.testng.TestRunner.run(TestRunner.java:596)
at org.testng.SuiteRunner.runTest(SuiteRunner.java:377)
at org.testng.SuiteRunner.runSequentially(SuiteRunner.java:371)
at org.testng.SuiteRunner.privateRun(SuiteRunner.java:332)
at org.testng.SuiteRunner.run(SuiteRunner.java:276)
at org.testng.SuiteRunnerWorker.runSuite(SuiteRunnerWorker.java:53)
at org.testng.SuiteRunnerWorker.run(SuiteRunnerWorker.java:96)
at org.testng.TestNG.runSuitesSequentially(TestNG.java:1212)
at org.testng.TestNG.runSuitesLocally(TestNG.java:1134)
at org.testng.TestNG.runSuites(TestNG.java:1063)
at org.testng.TestNG.run(TestNG.java:1031)
at org.testng.remote.AbstractRemoteTestNG.run(AbstractRemoteTestNG.java:115)
at org.testng.remote.RemoteTestNG.initAndRun(RemoteTestNG.java:251)
at org.testng.remote.RemoteTestNG.main(RemoteTestNG.java:77)
]]>
    </error>
  </testcase> <!-- Do_test_for_Last10Prescription -->
  <system-out/>
</testsuite> <!-- com.qa.HIS.BrowserCompatibility_HIS.C13622_MISC_Change_In_HIS_Test -->
