<?xml version="1.0" encoding="UTF-8"?>
<!-- Generated by org.testng.reporters.JUnitXMLReporter -->
<testsuite ignored="0" hostname="DESKTOP-D23LR3J" failures="1" tests="8" name="Opera" time="190.337" errors="0" timestamp="2022-02-25T14:33:43 IST">
  <testcase classname="com.qa.HIS.BrowserCompatibility_HIS.CDRTest" name="doLoginTest" time="2.366"/>
  <testcase classname="com.qa.HIS.BrowserCompatibility_HIS.CDRTest" name="doNavigateToSelectHospitalLocationTest" time="0.002"/>
  <testcase classname="com.qa.HIS.BrowserCompatibility_HIS.CDRTest" name="doNavigateToHISHomeTest" time="11.215"/>
  <testcase classname="com.qa.HIS.BrowserCompatibility_HIS.CDRTest" name="doNavigateToCDRTest" time="1.248"/>
  <testcase classname="com.qa.HIS.BrowserCompatibility_HIS.CDRTest" name="testcaseForCDRPage_searchByIP_Number" time="1.385"/>
  <testcase classname="com.qa.HIS.BrowserCompatibility_HIS.CDRTest" name="testcaseForCDRPage_ViewResult" time="58.044"/>
  <testcase classname="com.qa.HIS.BrowserCompatibility_HIS.CDRTest" name="testcaseForCDRPage_ChkTheFunctionalityOfSpecilazitionDROPDOWN" time="67.41"/>
  <testcase classname="com.qa.HIS.BrowserCompatibility_HIS.CDRTest" name="testcaseForCDRPage_ChkTheFunctionalityOfDiagnoseDROPDOWN" time="5.282">
    <failure type="java.lang.AssertionError" message="expected [NoTitle] but found [http://10.30.16.112:6002/Hospital/CDR/MainPagePatientFolder.aspx]">
      <![CDATA[java.lang.AssertionError: expected [NoTitle] but found [http://10.30.16.112:6002/Hospital/CDR/MainPagePatientFolder.aspx]
at com.qa.HIS.BrowserCompatibility_HIS.CDRTest.testcaseForCDRPage_ChkTheFunctionalityOfDiagnoseDROPDOWN(CDRTest.java:156)
at java.base/java.util.ArrayList.forEach(ArrayList.java:1511)
at java.base/java.util.concurrent.FutureTask.run(FutureTask.java:264)
at java.base/java.util.concurrent.ThreadPoolExecutor.runWorker(ThreadPoolExecutor.java:1130)
at java.base/java.util.concurrent.ThreadPoolExecutor$Worker.run(ThreadPoolExecutor.java:630)
at java.base/java.lang.Thread.run(Thread.java:831)
... Removed 24 stack frames]]>
    </failure>
  </testcase> <!-- testcaseForCDRPage_ChkTheFunctionalityOfDiagnoseDROPDOWN -->
</testsuite> <!-- Opera -->
